{
  "RSpec": {
    "coverage": {
      "/Users/bencraven/Projects/exceedra/spec/app_spec.rb": [
        1,
        null,
        1,
        6,
        null,
        1,
        1,
        1,
        1,
        null,
        null,
        null,
        1,
        5,
        null,
        null,
        5,
        null,
        null,
        5,
        null,
        null,
        5,
        null,
        null,
        5,
        null,
        null,
        5,
        null,
        null,
        5,
        null,
        null,
        5,
        null,
        null,
        5,
        null,
        null,
        5,
        null,
        null,
        null,
        null,
        6,
        6,
        6,
        6,
        6,
        6,
        6,
        6,
        6,
        6,
        null,
        1,
        1,
        1,
        1,
        null,
        null,
        null,
        null,
        null,
        null,
        1,
        1,
        1,
        1,
        1,
        1,
        null,
        null,
        1,
        1,
        1,
        1,
        1,
        null,
        null,
        null,
        null,
        null,
        1,
        1,
        1,
        1,
        1,
        1,
        1,
        1,
        1,
        1,
        1,
        1,
        1,
        1,
        1,
        1,
        1,
        null,
        null,
        null
      ],
      "/Users/bencraven/Projects/exceedra/lib/app.rb": [
        1,
        1,
        null,
        null,
        null,
        1,
        1,
        null,
        1,
        5,
        5,
        5,
        5,
        5,
        null,
        null,
        1,
        4,
        40,
        400,
        180,
        32,
        null,
        null,
        null,
        null,
        null,
        1,
        3,
        24,
        1,
        1,
        null,
        23,
        23,
        17,
        null,
        null,
        null,
        null,
        null,
        1,
        1,
        6,
        6,
        6,
        5,
        null,
        null,
        null,
        null,
        1,
        null,
        1,
        180,
        360,
        84,
        null,
        null,
        1,
        29,
        29,
        29,
        29,
        null,
        null,
        1,
        24,
        23,
        null,
        null,
        1,
        1,
        1,
        null,
        null,
        1,
        18,
        null,
        null
      ],
      "/Users/bencraven/Projects/exceedra/spec/inventory_spec.rb": [
        1,
        10,
        null,
        1,
        1,
        null,
        null,
        1,
        1,
        1,
        1,
        1,
        null,
        null,
        1,
        1,
        1,
        1,
        1,
        null,
        null,
        1,
        1,
        1,
        1,
        1,
        null,
        null,
        1,
        1,
        1,
        1,
        1,
        null,
        null,
        1,
        1,
        1,
        1,
        1,
        null,
        null,
        1,
        1,
        1,
        1,
        1,
        null,
        null,
        1,
        1,
        1,
        1,
        1,
        null,
        null,
        1,
        1,
        1,
        1,
        1,
        1,
        1,
        null,
        null
      ]
    },
    "timestamp": 1506874999
  }
}
